{
  "meta": {
    "version": "7.3.2",
    "timestamp": "2023-11-23T02:17:42.101828",
    "branch_coverage": false,
    "show_contexts": false
  },
  "files": {
    "scrapy_aiohttp/__init__.py": {
      "executed_lines": [
        1,
        2,
        3
      ],
      "summary": {
        "covered_lines": 3,
        "num_statements": 3,
        "percent_covered": 100.0,
        "percent_covered_display": "100",
        "missing_lines": 0,
        "excluded_lines": 0
      },
      "missing_lines": [],
      "excluded_lines": []
    },
    "scrapy_aiohttp/middleware.py": {
      "executed_lines": [
        1,
        3,
        4,
        5,
        7,
        8,
        9,
        10,
        13,
        14,
        16,
        17,
        19,
        20,
        22,
        23,
        24,
        25,
        26,
        28,
        29,
        30,
        31,
        32,
        33,
        35,
        36,
        37,
        38,
        39,
        40,
        45,
        46,
        47,
        48,
        49,
        51,
        52,
        54,
        57,
        58,
        59,
        61,
        62,
        63,
        64,
        65,
        75,
        76,
        77,
        78,
        79,
        81,
        82,
        83,
        85,
        86,
        87
      ],
      "summary": {
        "covered_lines": 58,
        "num_statements": 58,
        "percent_covered": 100.0,
        "percent_covered_display": "100",
        "missing_lines": 0,
        "excluded_lines": 0
      },
      "missing_lines": [],
      "excluded_lines": []
    },
    "scrapy_aiohttp/request.py": {
      "executed_lines": [
        1,
        3,
        6,
        7,
        11,
        27,
        28,
        29,
        30,
        31,
        32,
        34,
        37,
        38,
        39,
        41,
        42,
        43,
        45,
        46,
        47,
        49,
        50,
        51,
        53,
        54,
        55,
        56
      ],
      "summary": {
        "covered_lines": 27,
        "num_statements": 27,
        "percent_covered": 100.0,
        "percent_covered_display": "100",
        "missing_lines": 0,
        "excluded_lines": 0
      },
      "missing_lines": [],
      "excluded_lines": []
    },
    "scrapy_aiohttp/server.py": {
      "executed_lines": [
        1,
        3,
        4,
        5,
        6,
        8,
        9,
        10,
        13,
        16,
        17,
        20,
        22,
        23,
        24,
        25,
        26,
        29,
        32,
        33,
        34,
        35,
        36,
        37,
        38,
        40,
        42,
        46,
        48,
        52,
        53,
        59,
        61,
        65,
        66,
        67,
        68,
        69,
        71,
        72,
        73,
        75,
        90,
        92,
        96,
        98,
        99,
        103,
        104,
        105,
        107,
        111,
        112,
        113,
        114,
        115,
        116,
        117,
        118,
        121,
        122,
        123,
        125,
        130,
        132,
        136,
        137,
        138,
        139,
        140,
        141,
        142,
        143,
        145,
        146,
        147,
        148,
        149,
        150,
        152,
        154
      ],
      "summary": {
        "covered_lines": 80,
        "num_statements": 82,
        "percent_covered": 97.5609756097561,
        "percent_covered_display": "98",
        "missing_lines": 2,
        "excluded_lines": 0
      },
      "missing_lines": [
        119,
        120
      ],
      "excluded_lines": []
    },
    "tests/__init__.py": {
      "executed_lines": [
        0
      ],
      "summary": {
        "covered_lines": 0,
        "num_statements": 0,
        "percent_covered": 100.0,
        "percent_covered_display": "100",
        "missing_lines": 0,
        "excluded_lines": 0
      },
      "missing_lines": [],
      "excluded_lines": []
    },
    "tests/test_middleware.py": {
      "executed_lines": [
        1,
        3,
        4,
        5,
        7,
        8,
        11,
        12,
        14,
        15,
        23,
        24,
        25,
        26,
        28,
        29,
        30,
        31,
        33,
        34,
        35,
        36,
        38,
        39,
        40,
        41,
        42,
        43,
        45,
        46,
        47,
        49,
        50,
        51,
        52,
        56,
        57,
        58,
        59,
        61,
        62,
        63,
        64,
        65,
        66,
        68,
        69,
        70,
        71,
        75,
        76,
        77,
        78,
        82,
        87,
        88,
        89,
        94,
        95,
        96,
        98,
        99,
        100,
        104,
        105,
        107,
        108,
        110,
        111,
        112,
        113,
        114,
        115
      ],
      "summary": {
        "covered_lines": 73,
        "num_statements": 73,
        "percent_covered": 100.0,
        "percent_covered_display": "100",
        "missing_lines": 0,
        "excluded_lines": 0
      },
      "missing_lines": [],
      "excluded_lines": []
    },
    "tests/test_request.py": {
      "executed_lines": [
        1,
        3,
        5,
        8,
        9,
        10,
        11,
        12,
        13,
        14,
        15,
        16,
        17,
        19,
        20,
        21,
        22,
        23,
        24,
        25,
        26,
        28,
        29,
        30,
        31,
        32,
        33,
        34,
        36,
        37,
        38,
        39,
        41,
        43,
        44,
        45,
        50,
        51,
        52
      ],
      "summary": {
        "covered_lines": 39,
        "num_statements": 39,
        "percent_covered": 100.0,
        "percent_covered_display": "100",
        "missing_lines": 0,
        "excluded_lines": 0
      },
      "missing_lines": [],
      "excluded_lines": []
    },
    "tests/test_server.py": {
      "executed_lines": [
        1,
        2,
        4,
        5,
        6,
        8,
        10,
        18,
        20,
        21,
        22,
        23,
        25,
        26,
        27,
        28,
        30,
        31,
        32,
        34,
        35,
        36,
        37,
        38,
        40,
        41,
        42,
        43,
        44,
        46,
        47,
        48,
        50,
        56,
        57,
        58,
        59,
        60,
        61,
        62,
        64,
        65,
        66,
        67,
        70,
        72,
        73,
        74,
        75,
        76,
        77,
        79,
        80,
        81,
        82,
        83,
        84,
        85,
        86,
        87,
        89,
        90,
        91,
        93,
        94,
        95,
        96,
        98,
        99,
        100,
        101,
        102,
        103,
        105,
        106,
        107,
        108,
        109,
        111,
        112,
        113,
        119,
        120
      ],
      "summary": {
        "covered_lines": 83,
        "num_statements": 83,
        "percent_covered": 100.0,
        "percent_covered_display": "100",
        "missing_lines": 0,
        "excluded_lines": 0
      },
      "missing_lines": [],
      "excluded_lines": []
    },
    "utils/__init__.py": {
      "executed_lines": [
        1,
        4,
        7,
        10
      ],
      "summary": {
        "covered_lines": 4,
        "num_statements": 4,
        "percent_covered": 100.0,
        "percent_covered_display": "100",
        "missing_lines": 0,
        "excluded_lines": 0
      },
      "missing_lines": [],
      "excluded_lines": []
    },
    "utils/constants.py": {
      "executed_lines": [
        1,
        3,
        5
      ],
      "summary": {
        "covered_lines": 3,
        "num_statements": 3,
        "percent_covered": 100.0,
        "percent_covered_display": "100",
        "missing_lines": 0,
        "excluded_lines": 0
      },
      "missing_lines": [],
      "excluded_lines": []
    },
    "utils/exeptions.py": {
      "executed_lines": [
        1,
        2,
        3
      ],
      "summary": {
        "covered_lines": 3,
        "num_statements": 3,
        "percent_covered": 100.0,
        "percent_covered_display": "100",
        "missing_lines": 0,
        "excluded_lines": 0
      },
      "missing_lines": [],
      "excluded_lines": []
    },
    "utils/simple_spider.py": {
      "executed_lines": [
        1,
        4,
        5,
        6,
        7,
        9
      ],
      "summary": {
        "covered_lines": 6,
        "num_statements": 7,
        "percent_covered": 85.71428571428571,
        "percent_covered_display": "86",
        "missing_lines": 1,
        "excluded_lines": 0
      },
      "missing_lines": [
        10
      ],
      "excluded_lines": []
    },
    "utils/types.py": {
      "executed_lines": [
        1,
        3,
        5
      ],
      "summary": {
        "covered_lines": 3,
        "num_statements": 3,
        "percent_covered": 100.0,
        "percent_covered_display": "100",
        "missing_lines": 0,
        "excluded_lines": 0
      },
      "missing_lines": [],
      "excluded_lines": []
    }
  },
  "totals": {
    "covered_lines": 382,
    "num_statements": 385,
    "percent_covered": 99.22077922077922,
    "percent_covered_display": "99",
    "missing_lines": 3,
    "excluded_lines": 0
  }
}